2024-10-30T21:20:26.153577+0330 __main__ ERROR division by zero
Traceback (most recent call last):

> File "H:\projects\imo_crawl\scrape.py", line 16, in <module>
    print(1/0)

ZeroDivisionError: division by zero
2024-10-30T21:20:28.736164+0330 __main__ ERROR division by zero
Traceback (most recent call last):

> File "H:\projects\imo_crawl\scrape.py", line 16, in <module>
    print(1/0)

ZeroDivisionError: division by zero
2024-10-30T21:22:54.639199+0330 __main__ ERROR division by zero
Traceback (most recent call last):

  File "H:\projects\imo_crawl\scrape.py", line 25, in <module>
    func()
    └ <function func at 0x000001A8378927A0>

> File "H:\projects\imo_crawl\scrape.py", line 19, in func
    print(1/0)

ZeroDivisionError: division by zero
2024-10-30T21:24:20.463021+0330 __main__ ERROR division by zero
Traceback (most recent call last):

  File "H:\projects\imo_crawl\scrape.py", line 24, in <module>
    func()
    └ <function func at 0x000002129AA00540>

> File "H:\projects\imo_crawl\scrape.py", line 18, in func
    print(1/0)

ZeroDivisionError: division by zero
2024-10-30T21:35:25.517810+0330 __main__ ERROR name 'config_info' is not defined
Traceback (most recent call last):

> File "H:\projects\imo_crawl\main.py", line 107, in <module>
    scrape(config_dict=config_dict)
    │                  └ {'export_method': 'MS-Excel', 'first_time_read': {'from_date': '1403/01/01', 'state': 'inactive', 'step_days': 10, 'to_date':...
    └ <function scrape at 0x000002C042CE79C0>

  File "H:\projects\imo_crawl\main.py", line 25, in scrape
    options.add_experimental_option('prefs', {'download.default_directory' : config_info['output_path']})
    │       └ <function ChromiumOptions.add_experimental_option at 0x000002C040714900>
    └ <selenium.webdriver.chrome.options.Options object at 0x000002C042F33CD0>

NameError: name 'config_info' is not defined
2024-10-30T21:36:37.590857+0330 __main__ ERROR scrape() got an unexpected keyword argument 'config_dict'
Traceback (most recent call last):

> File "H:\projects\imo_crawl\main.py", line 107, in <module>
    scrape(config_dict=config_dict)
    │                  └ {'export_method': 'MS-Excel', 'first_time_read': {'from_date': '1403/01/01', 'state': 'inactive', 'step_days': 10, 'to_date':...
    └ <function scrape at 0x000001CA294F79C0>

TypeError: scrape() got an unexpected keyword argument 'config_dict'
2024-10-30T21:37:36.319106+0330 __main__ ERROR Message: stale element reference: stale element not found in the current frame
  (Session info: chrome=130.0.6723.70); For documentation on this error, please visit: https://www.selenium.dev/documentation/webdriver/troubleshooting/errors#stale-element-reference-exception
Stacktrace:
	GetHandleVerifier [0x00007FF6BD553AF5+28005]
	(No symbol) [0x00007FF6BD4B83F0]
	(No symbol) [0x00007FF6BD35580A]
	(No symbol) [0x00007FF6BD35C2CC]
	(No symbol) [0x00007FF6BD35E5E7]
	(No symbol) [0x00007FF6BD35E6A0]
	(No symbol) [0x00007FF6BD3AD5B9]
	(No symbol) [0x00007FF6BD3AB16C]
	(No symbol) [0x00007FF6BD3A8628]
	(No symbol) [0x00007FF6BD3A785D]
	(No symbol) [0x00007FF6BD39990E]
	(No symbol) [0x00007FF6BD3CBA3A]
	(No symbol) [0x00007FF6BD399246]
	(No symbol) [0x00007FF6BD3CBC50]
	(No symbol) [0x00007FF6BD3EB8B3]
	(No symbol) [0x00007FF6BD3CB7E3]
	(No symbol) [0x00007FF6BD3975C8]
	(No symbol) [0x00007FF6BD398731]
	GetHandleVerifier [0x00007FF6BD84646D+3118813]
	GetHandleVerifier [0x00007FF6BD896CC0+3448624]
	GetHandleVerifier [0x00007FF6BD88CF3D+3408301]
	GetHandleVerifier [0x00007FF6BD61A44B+841403]
	(No symbol) [0x00007FF6BD4C344F]
	(No symbol) [0x00007FF6BD4BF4C4]
	(No symbol) [0x00007FF6BD4BF65D]
	(No symbol) [0x00007FF6BD4AEBB9]
	BaseThreadInitThunk [0x00007FFF54FA257D+29]
	RtlUserThreadStart [0x00007FFF5712AF08+40]

Traceback (most recent call last):

> File "H:\projects\imo_crawl\main.py", line 107, in <module>
    scrape(config_info=config_dict)
    │                  └ {'export_method': 'MS-Excel', 'first_time_read': {'from_date': '1403/01/01', 'state': 'inactive', 'step_days': 10, 'to_date':...
    └ <function scrape at 0x0000020B8DF779C0>

  File "H:\projects\imo_crawl\main.py", line 82, in scrape
    export_list.find_element(By.TAG_NAME, 'button').click()
    │           │            │  └ 'tag name'
    │           │            └ <class 'selenium.webdriver.common.by.By'>
    │           └ <function WebElement.find_element at 0x0000020B8DDA2480>
    └ <selenium.webdriver.remote.webelement.WebElement (session="ec2f6745784e9d4068826ec46c68a15f", element="f.3DAB4069F19B2E9B4418...

  File "H:\projects\imo_crawl\venv\Lib\site-packages\selenium\webdriver\remote\webelement.py", line 94, in click
    self._execute(Command.CLICK_ELEMENT)
    │    │        │       └ 'clickElement'
    │    │        └ <class 'selenium.webdriver.remote.command.Command'>
    │    └ <function WebElement._execute at 0x0000020B8DDA23E0>
    └ <selenium.webdriver.remote.webelement.WebElement (session="ec2f6745784e9d4068826ec46c68a15f", element="f.3DAB4069F19B2E9B4418...
  File "H:\projects\imo_crawl\venv\Lib\site-packages\selenium\webdriver\remote\webelement.py", line 395, in _execute
    return self._parent.execute(command, params)
           │    │       │       │        └ {'id': 'f.3DAB4069F19B2E9B44187C74AE7D34EA.d.805425B3327550CC068095A5CF5DBC51.e.386'}
           │    │       │       └ 'clickElement'
           │    │       └ <function WebDriver.execute at 0x0000020B8DE1F6A0>
           │    └ <selenium.webdriver.chrome.webdriver.WebDriver (session="ec2f6745784e9d4068826ec46c68a15f")>
           └ <selenium.webdriver.remote.webelement.WebElement (session="ec2f6745784e9d4068826ec46c68a15f", element="f.3DAB4069F19B2E9B4418...
  File "H:\projects\imo_crawl\venv\Lib\site-packages\selenium\webdriver\remote\webdriver.py", line 354, in execute
    self.error_handler.check_response(response)
    │    │             │              └ {'status': 404, 'value': '{"value":{"error":"stale element reference","message":"stale element reference: stale element not f...
    │    │             └ <function ErrorHandler.check_response at 0x0000020B8DCAD120>
    │    └ <selenium.webdriver.remote.errorhandler.ErrorHandler object at 0x0000020B8E2537D0>
    └ <selenium.webdriver.chrome.webdriver.WebDriver (session="ec2f6745784e9d4068826ec46c68a15f")>
  File "H:\projects\imo_crawl\venv\Lib\site-packages\selenium\webdriver\remote\errorhandler.py", line 229, in check_response
    raise exception_class(message, screen, stacktrace)
          │               │        │       └ ['\tGetHandleVerifier [0x00007FF6BD553AF5+28005]', '\t(No symbol) [0x00007FF6BD4B83F0]', '\t(No symbol) [0x00007FF6BD35580A]'...
          │               │        └ None
          │               └ 'stale element reference: stale element not found in the current frame\n  (Session info: chrome=130.0.6723.70)'
          └ <class 'selenium.common.exceptions.StaleElementReferenceException'>

selenium.common.exceptions.StaleElementReferenceException: Message: stale element reference: stale element not found in the current frame
  (Session info: chrome=130.0.6723.70); For documentation on this error, please visit: https://www.selenium.dev/documentation/webdriver/troubleshooting/errors#stale-element-reference-exception
Stacktrace:
	GetHandleVerifier [0x00007FF6BD553AF5+28005]
	(No symbol) [0x00007FF6BD4B83F0]
	(No symbol) [0x00007FF6BD35580A]
	(No symbol) [0x00007FF6BD35C2CC]
	(No symbol) [0x00007FF6BD35E5E7]
	(No symbol) [0x00007FF6BD35E6A0]
	(No symbol) [0x00007FF6BD3AD5B9]
	(No symbol) [0x00007FF6BD3AB16C]
	(No symbol) [0x00007FF6BD3A8628]
	(No symbol) [0x00007FF6BD3A785D]
	(No symbol) [0x00007FF6BD39990E]
	(No symbol) [0x00007FF6BD3CBA3A]
	(No symbol) [0x00007FF6BD399246]
	(No symbol) [0x00007FF6BD3CBC50]
	(No symbol) [0x00007FF6BD3EB8B3]
	(No symbol) [0x00007FF6BD3CB7E3]
	(No symbol) [0x00007FF6BD3975C8]
	(No symbol) [0x00007FF6BD398731]
	GetHandleVerifier [0x00007FF6BD84646D+3118813]
	GetHandleVerifier [0x00007FF6BD896CC0+3448624]
	GetHandleVerifier [0x00007FF6BD88CF3D+3408301]
	GetHandleVerifier [0x00007FF6BD61A44B+841403]
	(No symbol) [0x00007FF6BD4C344F]
	(No symbol) [0x00007FF6BD4BF4C4]
	(No symbol) [0x00007FF6BD4BF65D]
	(No symbol) [0x00007FF6BD4AEBB9]
	BaseThreadInitThunk [0x00007FFF54FA257D+29]
	RtlUserThreadStart [0x00007FFF5712AF08+40]

2024-10-30T21:40:57.528499+0330 __main__ ERROR Message: stale element reference: stale element not found in the current frame
  (Session info: chrome=130.0.6723.70); For documentation on this error, please visit: https://www.selenium.dev/documentation/webdriver/troubleshooting/errors#stale-element-reference-exception
Stacktrace:
	GetHandleVerifier [0x00007FF6BD553AF5+28005]
	(No symbol) [0x00007FF6BD4B83F0]
	(No symbol) [0x00007FF6BD35580A]
	(No symbol) [0x00007FF6BD35C2CC]
	(No symbol) [0x00007FF6BD35E5E7]
	(No symbol) [0x00007FF6BD35E6A0]
	(No symbol) [0x00007FF6BD3AD5B9]
	(No symbol) [0x00007FF6BD3AB16C]
	(No symbol) [0x00007FF6BD3A8628]
	(No symbol) [0x00007FF6BD3A785D]
	(No symbol) [0x00007FF6BD39990E]
	(No symbol) [0x00007FF6BD3CBA3A]
	(No symbol) [0x00007FF6BD399246]
	(No symbol) [0x00007FF6BD3CBC50]
	(No symbol) [0x00007FF6BD3EB8B3]
	(No symbol) [0x00007FF6BD3CB7E3]
	(No symbol) [0x00007FF6BD3975C8]
	(No symbol) [0x00007FF6BD398731]
	GetHandleVerifier [0x00007FF6BD84646D+3118813]
	GetHandleVerifier [0x00007FF6BD896CC0+3448624]
	GetHandleVerifier [0x00007FF6BD88CF3D+3408301]
	GetHandleVerifier [0x00007FF6BD61A44B+841403]
	(No symbol) [0x00007FF6BD4C344F]
	(No symbol) [0x00007FF6BD4BF4C4]
	(No symbol) [0x00007FF6BD4BF65D]
	(No symbol) [0x00007FF6BD4AEBB9]
	BaseThreadInitThunk [0x00007FFF54FA257D+29]
	RtlUserThreadStart [0x00007FFF5712AF08+40]

Traceback (most recent call last):

> File "H:\projects\imo_crawl\main.py", line 107, in <module>
    scrape(config_info=config_dict)
    │                  └ {'export_method': 'MS-Excel', 'first_time_read': {'from_date': '1403/01/01', 'state': 'inactive', 'step_days': 10, 'to_date':...
    └ <function scrape at 0x0000017382EB79C0>

  File "H:\projects\imo_crawl\main.py", line 82, in scrape
    export_list.find_element(By.TAG_NAME, 'button').click()
    │           │            │  └ 'tag name'
    │           │            └ <class 'selenium.webdriver.common.by.By'>
    │           └ <function WebElement.find_element at 0x0000017382CE2480>
    └ <selenium.webdriver.remote.webelement.WebElement (session="bd29e8f66095903f320c68aa47246ce9", element="f.34AE5C25307D17411B0C...

  File "H:\projects\imo_crawl\venv\Lib\site-packages\selenium\webdriver\remote\webelement.py", line 94, in click
    self._execute(Command.CLICK_ELEMENT)
    │    │        │       └ 'clickElement'
    │    │        └ <class 'selenium.webdriver.remote.command.Command'>
    │    └ <function WebElement._execute at 0x0000017382CE23E0>
    └ <selenium.webdriver.remote.webelement.WebElement (session="bd29e8f66095903f320c68aa47246ce9", element="f.34AE5C25307D17411B0C...
  File "H:\projects\imo_crawl\venv\Lib\site-packages\selenium\webdriver\remote\webelement.py", line 395, in _execute
    return self._parent.execute(command, params)
           │    │       │       │        └ {'id': 'f.34AE5C25307D17411B0C55EB538D2315.d.4CB755A37DC0FFC081328147A9A3FA16.e.355'}
           │    │       │       └ 'clickElement'
           │    │       └ <function WebDriver.execute at 0x0000017382D5F6A0>
           │    └ <selenium.webdriver.chrome.webdriver.WebDriver (session="bd29e8f66095903f320c68aa47246ce9")>
           └ <selenium.webdriver.remote.webelement.WebElement (session="bd29e8f66095903f320c68aa47246ce9", element="f.34AE5C25307D17411B0C...
  File "H:\projects\imo_crawl\venv\Lib\site-packages\selenium\webdriver\remote\webdriver.py", line 354, in execute
    self.error_handler.check_response(response)
    │    │             │              └ {'status': 404, 'value': '{"value":{"error":"stale element reference","message":"stale element reference: stale element not f...
    │    │             └ <function ErrorHandler.check_response at 0x0000017382BED120>
    │    └ <selenium.webdriver.remote.errorhandler.ErrorHandler object at 0x0000017382F33E10>
    └ <selenium.webdriver.chrome.webdriver.WebDriver (session="bd29e8f66095903f320c68aa47246ce9")>
  File "H:\projects\imo_crawl\venv\Lib\site-packages\selenium\webdriver\remote\errorhandler.py", line 229, in check_response
    raise exception_class(message, screen, stacktrace)
          │               │        │       └ ['\tGetHandleVerifier [0x00007FF6BD553AF5+28005]', '\t(No symbol) [0x00007FF6BD4B83F0]', '\t(No symbol) [0x00007FF6BD35580A]'...
          │               │        └ None
          │               └ 'stale element reference: stale element not found in the current frame\n  (Session info: chrome=130.0.6723.70)'
          └ <class 'selenium.common.exceptions.StaleElementReferenceException'>

selenium.common.exceptions.StaleElementReferenceException: Message: stale element reference: stale element not found in the current frame
  (Session info: chrome=130.0.6723.70); For documentation on this error, please visit: https://www.selenium.dev/documentation/webdriver/troubleshooting/errors#stale-element-reference-exception
Stacktrace:
	GetHandleVerifier [0x00007FF6BD553AF5+28005]
	(No symbol) [0x00007FF6BD4B83F0]
	(No symbol) [0x00007FF6BD35580A]
	(No symbol) [0x00007FF6BD35C2CC]
	(No symbol) [0x00007FF6BD35E5E7]
	(No symbol) [0x00007FF6BD35E6A0]
	(No symbol) [0x00007FF6BD3AD5B9]
	(No symbol) [0x00007FF6BD3AB16C]
	(No symbol) [0x00007FF6BD3A8628]
	(No symbol) [0x00007FF6BD3A785D]
	(No symbol) [0x00007FF6BD39990E]
	(No symbol) [0x00007FF6BD3CBA3A]
	(No symbol) [0x00007FF6BD399246]
	(No symbol) [0x00007FF6BD3CBC50]
	(No symbol) [0x00007FF6BD3EB8B3]
	(No symbol) [0x00007FF6BD3CB7E3]
	(No symbol) [0x00007FF6BD3975C8]
	(No symbol) [0x00007FF6BD398731]
	GetHandleVerifier [0x00007FF6BD84646D+3118813]
	GetHandleVerifier [0x00007FF6BD896CC0+3448624]
	GetHandleVerifier [0x00007FF6BD88CF3D+3408301]
	GetHandleVerifier [0x00007FF6BD61A44B+841403]
	(No symbol) [0x00007FF6BD4C344F]
	(No symbol) [0x00007FF6BD4BF4C4]
	(No symbol) [0x00007FF6BD4BF65D]
	(No symbol) [0x00007FF6BD4AEBB9]
	BaseThreadInitThunk [0x00007FFF54FA257D+29]
	RtlUserThreadStart [0x00007FFF5712AF08+40]

